[14:08:48] [main/INFO]: Setting user: ToastedEggplant
[14:08:54] [Client thread/INFO]: LWJGL Version: 2.9.1
[14:10:30] [Client thread/INFO]: Reloading ResourceManager: Default, FMLFileResourcePack:Forge Mod Loader, FMLFileResourcePack:Minecraft Forge, FMLFileResourcePack:Not Enough Items, FMLFileResourcePack:OpenEye, FMLFileResourcePack:Pistronics 2, FMLFileResourcePack:StartingInventory, FMLFileResourcePack:AE2 Stuff, FMLFileResourcePack:Aether II, FMLFileResourcePack:AgriCraft, FMLFileResourcePack:Ancient Trees, FMLFileResourcePack:Another One Bites The Dust, FMLFileResourcePack:AppleCore, FMLFileResourcePack:Applied Energistics 2, FMLFileResourcePack:Aquaculture, FMLFileResourcePack:Arcane Engineering, FMLFileResourcePack:Arcane Arteries, FMLFileResourcePack:Archimedes' Ships Plus, FMLFileResourcePack:Armourer's Workshop, FMLFileResourcePack:Plushie Wrapper, FMLFileResourcePack:asielib, FMLFileResourcePack:Automagy, FMLFileResourcePack:Back in Slime Mod, FMLFileResourcePack:BD Lib, FMLFileResourcePack:Better Achievements, FMLFileResourcePack:BiblioCraft, FMLFileResourcePack:Big Doors, FMLFileResourcePack:Big Reactors, FMLFileResourcePack:Botany, FMLFileResourcePack:Binnie Core, FMLFileResourcePack:Extra Bees, FMLFileResourcePack:Extra Trees, FMLFileResourcePack:Genetics, FMLFileResourcePack:Biomes O' Plenty, FMLFileResourcePack:Blood Magic: Alchemical Wizardry, FMLFileResourcePack:Blue Power, FMLFileResourcePack:Boilerplate, FMLFileResourcePack:Botania, FMLFileResourcePack:Brandon's Core, FMLFileResourcePack:BC Silicon, FMLFileResourcePack:BC Transport, FMLFileResourcePack:BC Builders, FMLFileResourcePack:BC Energy, FMLFileResourcePack:BC Robotics, FMLFileResourcePack:BC Factory, FMLFileResourcePack:BuildCraft, FMLFileResourcePack:BuildCraft Compat, FMLFileResourcePack:Carpenter's Blocks, FMLFileResourcePack:Catwalks Mod, FMLFileResourcePack:Legacy Catwalk Compat, FMLFileResourcePack:ChatFlow, FMLFileResourcePack:ChickenChunks, FMLFileResourcePack:Chisel, FMLFileResourcePack:CloudMaster, FMLFileResourcePack:CoFH Core, FMLFileResourcePack:Compact Machines, FMLFileResourcePack:Computronics, FMLFileResourcePack:Build Mod, FMLFileResourcePack:CoroPets, FMLFileResourcePack:CoroAI, FMLFileResourcePack:Extended Renderer, FMLFileResourcePack:Extended Mod Config, FMLFileResourcePack:Crafting Tweaks, FMLFileResourcePack:Custom Main Menu, FMLFileResourcePack:CustomThings, FMLFileResourcePack:PTRModelLib, FMLFileResourcePack:Decocraft, FMLFileResourcePack:Default Keyconfig, FMLFileResourcePack:Draconic Evolution, FMLFileResourcePack:EiraIRC, FMLFileResourcePack:EiraMoticons, FMLFileResourcePack:EnderCore, FMLFileResourcePack:Ender IO, FMLFileResourcePack:Ender IO Addons, FMLFileResourcePack:EnderStorage, FMLFileResourcePack:EnderTech, FMLFileResourcePack:EnhancedPortals, FMLFileResourcePack:Et Futurum, FMLFileResourcePack:Ewy's Workshop, FMLFileResourcePack:Extended Potions, FMLFileResourcePack:Extra Cells 2, FMLFileResourcePack:ExtraTiC, FMLFileResourcePack:Extra Utilities, FMLFileResourcePack:Fancy Fluid Storage, FMLFileResourcePack:FancyGrass, FMLFileResourcePack:Pink Flamingo, FMLFileResourcePack:Flat Signs, FMLFileResourcePack:Fog Nerf, FMLFileResourcePack:Forbidden Magic, FMLFileResourcePack:Forestry for Minecraft, FMLFileResourcePack:FoxLib, FMLFileResourcePack:FTBLib, FMLFileResourcePack:FTBUtilities, FMLFileResourcePack:Gadomancy, FMLFileResourcePack:Galacticraft Planets, FMLFileResourcePack:Galacticraft Core, FMLFileResourcePack:GalaxySpace, FMLFileResourcePack:Garden Containers, FMLFileResourcePack:Garden Core, FMLFileResourcePack:Garden Stuff, FMLFileResourcePack:Garden Trees, FMLFileResourcePack:Geko's Lasers, FMLFileResourcePack:GenDustry, FMLFileResourcePack:Advanced Generators, FMLFileResourcePack:Gilded Games Utility, FMLFileResourcePack:GraviGun, FMLFileResourcePack:Greg's Lighting, FMLFileResourcePack:Guide-API, FMLFileResourcePack:Hardcore Ender Expansion, FMLFileResourcePack:Hats, FMLFileResourcePack:HatStand, FMLFileResourcePack:HelpFixer, FMLFileResourcePack:Hunger Overhaul, FMLFileResourcePack:iBench, FMLFileResourcePack:iChunUtil, FMLFileResourcePack:ID Cleaner, FMLFileResourcePack:Iguana Tinker Tweaks, FMLFileResourcePack:In-Game wiki Mod, FMLFileResourcePack:Immersive Engineering, FMLFileResourcePack:Immersive Integration, FMLFileResourcePack:INpureCore, FMLFileResourcePack:Integrated Circuits, FMLFileResourcePack:Inventory Tweaks, FMLFileResourcePack:Iron Backpacks, FMLFileResourcePack:Iron Chest, FMLFileResourcePack:Briman's Item Search, FMLFileResourcePack:JABBA, FMLFileResourcePack:JourneyMap, FMLFileResourcePack:Kore Sample, FMLFileResourcePack:Lattice Mod, FMLFileResourcePack:Logistics Pipes, FMLFileResourcePack:Magic Bees, FMLFileResourcePack:MalisisCore, FMLFileResourcePack:Malisis' Doors, FMLFileResourcePack:Mantle, FMLFileResourcePack:Mekanism, FMLFileResourcePack:MekanismGenerators, FMLFileResourcePack:MekanismTools, FMLFileResourcePack:MineFactory Reloaded, FMLFileResourcePack:MFR Compat: Applied Energistics, FMLFileResourcePack:MFR Compat: BuildCraft, FMLFileResourcePack:MFR Compat: Forestry, FMLFileResourcePack:MFR Compat: ForgeMicroblock, FMLFileResourcePack:MFR Compat: Railcraft, FMLFileResourcePack:MFR Compat: Thaumcraft, FMLFileResourcePack:MFR Compat: Thermal Expansion, FMLFileResourcePack:MFR Compat: Tinkers' Construct, FMLFileResourcePack:MFR Compat: TwilightForest, FMLFileResourcePack:MFR Compat: Vanilla, FMLFileResourcePack:MineTweaker 3, FMLFileResourcePack:MmmMmmMmmMmm, FMLFileResourcePack:MoarCarts, FMLFileResourcePack:Mod Tweaker 2, FMLFileResourcePack:More Chisels, FMLFileResourcePack:Morpheus, FMLFileResourcePack:Mouse Tweaks, FMLFileResourcePack:Moving World, FMLFileResourcePack:§9MrCrayfish's Furniture Mod, FMLFileResourcePack:NEI Addons: Developer Tools, FMLFileResourcePack:NEI Addons: Applied Energistics 2, FMLFileResourcePack:NEI Addons: Botany, FMLFileResourcePack:NEI Addons: Forestry, FMLFileResourcePack:NEI Addons: Crafting Tables, FMLFileResourcePack:NEI Addons, FMLFileResourcePack:NEI Addons: Ex Nihilo, FMLFileResourcePack:NEI Integration, FMLFileResourcePack:Nether Portal Fix, FMLFileResourcePack:No Nausea, FMLFileResourcePack:NotEnoughKeys, FMLFileResourcePack:Not Enough Resources, FMLFileResourcePack:ObsidiPlates, FMLFileResourcePack:OpenBlocks, FMLFileResourcePack:OpenComputers, FMLFileResourcePack:OpenFM, FMLFileResourcePack:OC Glasses, FMLFileResourcePack:OpenMods, FMLFileResourcePack:Open Modular Turrets, FMLFileResourcePack:Passive Torch, FMLFileResourcePack:Ping, FMLFileResourcePack:Placeable Gunpowder, FMLFileResourcePack:planetguyLib, FMLFileResourcePack:Plant Mega Pack, FMLFileResourcePack:PneumaticCraft, FMLFileResourcePack:PortalGun, FMLFileResourcePack:Pressure Pipes, FMLFileResourcePack:Progression, FMLFileResourcePack:QmunityLib, FMLFileResourcePack:QuiverBow, FMLFileResourcePack:QuiverMob, FMLFileResourcePack:Railcraft, FMLFileResourcePack:Random Things, FMLFileResourcePack:ReAuth, FMLFileResourcePack:Redstone Armory, FMLFileResourcePack:Redstone Arsenal, FMLFileResourcePack:Refined Relocation, FMLFileResourcePack:Reliquary, FMLFileResourcePack:Remain In Motion, FMLFileResourcePack:Resource Loader, FMLFileResourcePack:RFDrills, FMLFileResourcePack:RFTools, FMLFileResourcePack:Roadblocks, FMLFileResourcePack:Roguelike Dungeons, FMLFileResourcePack:Rope Bridge, FMLFileResourcePack:Sanguimancy, FMLFileResourcePack:SimpleLabels, FMLFileResourcePack:Simply Jetpacks, FMLFileResourcePack:Sound Filters, FMLFileResourcePack:Spatial IO Compat, FMLFileResourcePack:Steve's Addons, FMLFileResourcePack:Steve's Carts 2, FMLFileResourcePack:Steve's Factory Manager, FMLFileResourcePack:Storage Drawers, FMLFileResourcePack:Tails, FMLFileResourcePack:Tainted Magic, FMLFileResourcePack:TCBotaniaExoflame, FMLFileResourcePack:TC Inventory Scanning, FMLFileResourcePack:TC Node Tracker, FMLFileResourcePack:Tinkers' Construct, FMLFileResourcePack:Thaumcraft, FMLFileResourcePack:Thaumcraft NEI Plugin, FMLFileResourcePack:Thaumic Energistics, FMLFileResourcePack:Thaumic Horizons, FMLFileResourcePack:Thaumic Infusion, FMLFileResourcePack:Thermal Casting, FMLFileResourcePack:Thermal Dynamics, FMLFileResourcePack:Thermal Expansion, FMLFileResourcePack:Thermal Foundation, FMLFileResourcePack:Thermal Smeltery, FMLFileResourcePack:TiC Tooltips, FMLFileResourcePack:Tinker I/O, FMLFileResourcePack:TIS-3D, FMLFileResourcePack:Tinkers' Mechworks, FMLFileResourcePack:Translocator, FMLFileResourcePack:TrashSlot, FMLFileResourcePack:Traveller's Gear, FMLFileResourcePack:The Twilight Forest, FMLFileResourcePack:Waila, FMLFileResourcePack:Waila Harvestability, FMLFileResourcePack:WAILA Plugins, FMLFileResourcePack:Water Hooks, FMLFileResourcePack:Waterproof, FMLFileResourcePack:Witchery, FMLFileResourcePack:Witching Gadgets, FMLFileResourcePack:WorldEdit, FMLFileResourcePack:WR-CBE Core, FMLFileResourcePack:WR-CBE Addons, FMLFileResourcePack:WR-CBE Logic, FMLFileResourcePack:Zetta Industries, FMLFileResourcePack:Ztones, FMLFileResourcePack:Zyin's HUD, FMLFileResourcePack:bspkrsCore, FMLFileResourcePack:Baubles, FMLFileResourcePack:Forge Microblocks, FMLFileResourcePack:Forge Multipart, FMLFileResourcePack:Minecraft Multipart Plugin, FMLFileResourcePack:libsandstone
[14:10:30] [Client thread/WARN]: ResourcePack: ignored non-lowercase namespace: alchemicalwizardryBooks in C:\Users\ljjmr\Desktop\New folder\Instances\Unabridged\mods\BloodMagic-1.7.10-1.3.3-17.jar
[14:10:30] [Client thread/WARN]: ResourcePack: ignored non-lowercase namespace: alchemicalwizardryBooks in C:\Users\ljjmr\Desktop\New folder\Instances\Unabridged\mods\BloodMagic-1.7.10-1.3.3-17.jar
[14:10:30] [Client thread/WARN]: ResourcePack: ignored non-lowercase namespace: alchemicalwizardryBooks in C:\Users\ljjmr\Desktop\New folder\Instances\Unabridged\mods\BloodMagic-1.7.10-1.3.3-17.jar
[14:10:30] [Client thread/WARN]: ResourcePack: ignored non-lowercase namespace: alchemicalwizardryBooks in C:\Users\ljjmr\Desktop\New folder\Instances\Unabridged\mods\BloodMagic-1.7.10-1.3.3-17.jar
[14:10:30] [Client thread/WARN]: ResourcePack: ignored non-lowercase namespace: alchemicalwizardryBooks in C:\Users\ljjmr\Desktop\New folder\Instances\Unabridged\mods\BloodMagic-1.7.10-1.3.3-17.jar
[14:10:30] [Client thread/WARN]: ResourcePack: ignored non-lowercase namespace: alchemicalwizardryBooks in C:\Users\ljjmr\Desktop\New folder\Instances\Unabridged\mods\BloodMagic-1.7.10-1.3.3-17.jar
[14:10:30] [Client thread/WARN]: ResourcePack: ignored non-lowercase namespace: OceanMonument.txt in C:\Users\ljjmr\Desktop\New folder\Instances\Unabridged\mods\Et Futurum-1.5.5.jar
[14:10:30] [Client thread/WARN]: ResourcePack: ignored non-lowercase namespace: HungerOverhaul in C:\Users\ljjmr\Desktop\New folder\Instances\Unabridged\mods\HungerOverhaul-1.7.10-1.0.0.jar
[14:10:30] [Client thread/WARN]: ResourcePack: ignored non-lowercase namespace: HungerOverhaul in C:\Users\ljjmr\Desktop\New folder\Instances\Unabridged\mods\HungerOverhaul-1.7.10-1.0.0.jar
[14:10:30] [Client thread/WARN]: ResourcePack: ignored non-lowercase namespace: HungerOverhaul in C:\Users\ljjmr\Desktop\New folder\Instances\Unabridged\mods\HungerOverhaul-1.7.10-1.0.0.jar
[14:10:30] [Client thread/WARN]: ResourcePack: ignored non-lowercase namespace: HungerOverhaul in C:\Users\ljjmr\Desktop\New folder\Instances\Unabridged\mods\HungerOverhaul-1.7.10-1.0.0.jar
[14:10:30] [Client thread/WARN]: ResourcePack: ignored non-lowercase namespace: HungerOverhaul in C:\Users\ljjmr\Desktop\New folder\Instances\Unabridged\mods\HungerOverhaul-1.7.10-1.0.0.jar
[14:10:30] [Client thread/WARN]: ResourcePack: ignored non-lowercase namespace: HungerOverhaul in C:\Users\ljjmr\Desktop\New folder\Instances\Unabridged\mods\HungerOverhaul-1.7.10-1.0.0.jar
[14:10:30] [Client thread/WARN]: ResourcePack: ignored non-lowercase namespace: HungerOverhaul in C:\Users\ljjmr\Desktop\New folder\Instances\Unabridged\mods\HungerOverhaul-1.7.10-1.0.0.jar
[14:10:30] [Client thread/WARN]: ResourcePack: ignored non-lowercase namespace: HungerOverhaul in C:\Users\ljjmr\Desktop\New folder\Instances\Unabridged\mods\HungerOverhaul-1.7.10-1.0.0.jar
[14:10:30] [Client thread/WARN]: ResourcePack: ignored non-lowercase namespace: HungerOverhaul in C:\Users\ljjmr\Desktop\New folder\Instances\Unabridged\mods\HungerOverhaul-1.7.10-1.0.0.jar
[14:10:31] [Client thread/WARN]: ResourcePack: ignored non-lowercase namespace: planetguyLib in C:\Users\ljjmr\Desktop\New folder\Instances\Unabridged\mods\PlanetguyLib-1.9.2.jar
[14:10:31] [Client thread/WARN]: ResourcePack: ignored non-lowercase namespace: planetguyLib in C:\Users\ljjmr\Desktop\New folder\Instances\Unabridged\mods\PlanetguyLib-1.9.2.jar
[14:10:31] [Client thread/WARN]: ResourcePack: ignored non-lowercase namespace: planetguyLib in C:\Users\ljjmr\Desktop\New folder\Instances\Unabridged\mods\PlanetguyLib-1.9.2.jar
[14:13:33] [Sound Library Loader/INFO]: Sound engine started
[14:13:45] [Client thread/INFO]: Created: 32x32 textures/blocks-atlas
[14:13:46] [Client thread/INFO]: Created: 16x16 textures/items-atlas
[14:14:00] [Client thread/ERROR]: Using missing texture, unable to load minecraft:textures/revolvers/trapdoor.png, java.io.FileNotFoundException
[14:14:00] [Client thread/ERROR]: Using missing texture, unable to load minecraft:textures/revolvers/door_iron_upper.png, java.io.FileNotFoundException
[14:14:00] [Client thread/ERROR]: Using missing texture, unable to load minecraft:textures/revolvers/door_wood_upper.png, java.io.FileNotFoundException
[14:14:00] [Client thread/ERROR]: Using missing texture, unable to load minecraft:textures/revolvers/door_wood_lower.png, java.io.FileNotFoundException
[14:14:00] [Client thread/ERROR]: Using missing texture, unable to load minecraft:textures/revolvers/door_iron_lower.png, java.io.FileNotFoundException
[14:14:00] [Client thread/INFO]: Created: 16x16 textures/revolvers-atlas
[14:15:52] [Client thread/INFO]: Reloading ResourceManager: Default, FMLFileResourcePack:Forge Mod Loader, FMLFileResourcePack:Minecraft Forge, FMLFileResourcePack:Not Enough Items, FMLFileResourcePack:OpenEye, FMLFileResourcePack:Pistronics 2, FMLFileResourcePack:StartingInventory, FMLFileResourcePack:AE2 Stuff, FMLFileResourcePack:Aether II, FMLFileResourcePack:AgriCraft, FMLFileResourcePack:Ancient Trees, FMLFileResourcePack:Another One Bites The Dust, FMLFileResourcePack:AppleCore, FMLFileResourcePack:Applied Energistics 2, FMLFileResourcePack:Aquaculture, FMLFileResourcePack:Arcane Engineering, FMLFileResourcePack:Arcane Arteries, FMLFileResourcePack:Archimedes' Ships Plus, FMLFileResourcePack:Armourer's Workshop, FMLFileResourcePack:Plushie Wrapper, FMLFileResourcePack:asielib, FMLFileResourcePack:Automagy, FMLFileResourcePack:Back in Slime Mod, FMLFileResourcePack:BD Lib, FMLFileResourcePack:Better Achievements, FMLFileResourcePack:BiblioCraft, FMLFileResourcePack:Big Doors, FMLFileResourcePack:Big Reactors, FMLFileResourcePack:Botany, FMLFileResourcePack:Binnie Core, FMLFileResourcePack:Extra Bees, FMLFileResourcePack:Extra Trees, FMLFileResourcePack:Genetics, FMLFileResourcePack:Biomes O' Plenty, FMLFileResourcePack:Blood Magic: Alchemical Wizardry, FMLFileResourcePack:Blue Power, FMLFileResourcePack:Boilerplate, FMLFileResourcePack:Botania, FMLFileResourcePack:Brandon's Core, FMLFileResourcePack:BC Silicon, FMLFileResourcePack:BC Transport, FMLFileResourcePack:BC Builders, FMLFileResourcePack:BC Energy, FMLFileResourcePack:BC Robotics, FMLFileResourcePack:BC Factory, FMLFileResourcePack:BuildCraft, FMLFileResourcePack:BuildCraft Compat, FMLFileResourcePack:Carpenter's Blocks, FMLFileResourcePack:Catwalks Mod, FMLFileResourcePack:Legacy Catwalk Compat, FMLFileResourcePack:ChatFlow, FMLFileResourcePack:ChickenChunks, FMLFileResourcePack:Chisel, FMLFileResourcePack:CloudMaster, FMLFileResourcePack:CoFH Core, FMLFileResourcePack:Compact Machines, FMLFileResourcePack:Computronics, FMLFileResourcePack:Build Mod, FMLFileResourcePack:CoroPets, FMLFileResourcePack:CoroAI, FMLFileResourcePack:Extended Renderer, FMLFileResourcePack:Extended Mod Config, FMLFileResourcePack:Crafting Tweaks, FMLFileResourcePack:Custom Main Menu, FMLFileResourcePack:CustomThings, FMLFileResourcePack:PTRModelLib, FMLFileResourcePack:Decocraft, FMLFileResourcePack:Default Keyconfig, FMLFileResourcePack:Draconic Evolution, FMLFileResourcePack:EiraIRC, FMLFileResourcePack:EiraMoticons, FMLFileResourcePack:EnderCore, FMLFileResourcePack:Ender IO, FMLFileResourcePack:Ender IO Addons, FMLFileResourcePack:EnderStorage, FMLFileResourcePack:EnderTech, FMLFileResourcePack:EnhancedPortals, FMLFileResourcePack:Et Futurum, FMLFileResourcePack:Ewy's Workshop, FMLFileResourcePack:Extended Potions, FMLFileResourcePack:Extra Cells 2, FMLFileResourcePack:ExtraTiC, FMLFileResourcePack:Extra Utilities, FMLFileResourcePack:Fancy Fluid Storage, FMLFileResourcePack:FancyGrass, FMLFileResourcePack:Pink Flamingo, FMLFileResourcePack:Flat Signs, FMLFileResourcePack:Fog Nerf, FMLFileResourcePack:Forbidden Magic, FMLFileResourcePack:Forestry for Minecraft, FMLFileResourcePack:FoxLib, FMLFileResourcePack:FTBLib, FMLFileResourcePack:FTBUtilities, FMLFileResourcePack:Gadomancy, FMLFileResourcePack:Galacticraft Planets, FMLFileResourcePack:Galacticraft Core, FMLFileResourcePack:GalaxySpace, FMLFileResourcePack:Garden Containers, FMLFileResourcePack:Garden Core, FMLFileResourcePack:Garden Stuff, FMLFileResourcePack:Garden Trees, FMLFileResourcePack:Geko's Lasers, FMLFileResourcePack:GenDustry, FMLFileResourcePack:Advanced Generators, FMLFileResourcePack:Gilded Games Utility, FMLFileResourcePack:GraviGun, FMLFileResourcePack:Greg's Lighting, FMLFileResourcePack:Guide-API, FMLFileResourcePack:Hardcore Ender Expansion, FMLFileResourcePack:Hats, FMLFileResourcePack:HatStand, FMLFileResourcePack:HelpFixer, FMLFileResourcePack:Hunger Overhaul, FMLFileResourcePack:iBench, FMLFileResourcePack:iChunUtil, FMLFileResourcePack:ID Cleaner, FMLFileResourcePack:Iguana Tinker Tweaks, FMLFileResourcePack:In-Game wiki Mod, FMLFileResourcePack:Immersive Engineering, FMLFileResourcePack:Immersive Integration, FMLFileResourcePack:INpureCore, FMLFileResourcePack:Integrated Circuits, FMLFileResourcePack:Inventory Tweaks, FMLFileResourcePack:Iron Backpacks, FMLFileResourcePack:Iron Chest, FMLFileResourcePack:Briman's Item Search, FMLFileResourcePack:JABBA, FMLFileResourcePack:JourneyMap, FMLFileResourcePack:Kore Sample, FMLFileResourcePack:Lattice Mod, FMLFileResourcePack:Logistics Pipes, FMLFileResourcePack:Magic Bees, FMLFileResourcePack:MalisisCore, FMLFileResourcePack:Malisis' Doors, FMLFileResourcePack:Mantle, FMLFileResourcePack:Mekanism, FMLFileResourcePack:MekanismGenerators, FMLFileResourcePack:MekanismTools, FMLFileResourcePack:MineFactory Reloaded, FMLFileResourcePack:MFR Compat: Applied Energistics, FMLFileResourcePack:MFR Compat: BuildCraft, FMLFileResourcePack:MFR Compat: Forestry, FMLFileResourcePack:MFR Compat: ForgeMicroblock, FMLFileResourcePack:MFR Compat: Railcraft, FMLFileResourcePack:MFR Compat: Thaumcraft, FMLFileResourcePack:MFR Compat: Thermal Expansion, FMLFileResourcePack:MFR Compat: Tinkers' Construct, FMLFileResourcePack:MFR Compat: TwilightForest, FMLFileResourcePack:MFR Compat: Vanilla, FMLFileResourcePack:MineTweaker 3, FMLFileResourcePack:MmmMmmMmmMmm, FMLFileResourcePack:MoarCarts, FMLFileResourcePack:Mod Tweaker 2, FMLFileResourcePack:More Chisels, FMLFileResourcePack:Morpheus, FMLFileResourcePack:Mouse Tweaks, FMLFileResourcePack:Moving World, FMLFileResourcePack:§9MrCrayfish's Furniture Mod, FMLFileResourcePack:NEI Addons: Developer Tools, FMLFileResourcePack:NEI Addons: Applied Energistics 2, FMLFileResourcePack:NEI Addons: Botany, FMLFileResourcePack:NEI Addons: Forestry, FMLFileResourcePack:NEI Addons: Crafting Tables, FMLFileResourcePack:NEI Addons, FMLFileResourcePack:NEI Addons: Ex Nihilo, FMLFileResourcePack:NEI Integration, FMLFileResourcePack:Nether Portal Fix, FMLFileResourcePack:No Nausea, FMLFileResourcePack:NotEnoughKeys, FMLFileResourcePack:Not Enough Resources, FMLFileResourcePack:ObsidiPlates, FMLFileResourcePack:OpenBlocks, FMLFileResourcePack:OpenComputers, FMLFileResourcePack:OpenFM, FMLFileResourcePack:OC Glasses, FMLFileResourcePack:OpenMods, FMLFileResourcePack:Open Modular Turrets, FMLFileResourcePack:Passive Torch, FMLFileResourcePack:Ping, FMLFileResourcePack:Placeable Gunpowder, FMLFileResourcePack:planetguyLib, FMLFileResourcePack:Plant Mega Pack, FMLFileResourcePack:PneumaticCraft, FMLFileResourcePack:PortalGun, FMLFileResourcePack:Pressure Pipes, FMLFileResourcePack:Progression, FMLFileResourcePack:QmunityLib, FMLFileResourcePack:QuiverBow, FMLFileResourcePack:QuiverMob, FMLFileResourcePack:Railcraft, FMLFileResourcePack:Random Things, FMLFileResourcePack:ReAuth, FMLFileResourcePack:Redstone Armory, FMLFileResourcePack:Redstone Arsenal, FMLFileResourcePack:Refined Relocation, FMLFileResourcePack:Reliquary, FMLFileResourcePack:Remain In Motion, FMLFileResourcePack:Resource Loader, FMLFileResourcePack:RFDrills, FMLFileResourcePack:RFTools, FMLFileResourcePack:Roadblocks, FMLFileResourcePack:Roguelike Dungeons, FMLFileResourcePack:Rope Bridge, FMLFileResourcePack:Sanguimancy, FMLFileResourcePack:SimpleLabels, FMLFileResourcePack:Simply Jetpacks, FMLFileResourcePack:Sound Filters, FMLFileResourcePack:Spatial IO Compat, FMLFileResourcePack:Steve's Addons, FMLFileResourcePack:Steve's Carts 2, FMLFileResourcePack:Steve's Factory Manager, FMLFileResourcePack:Storage Drawers, FMLFileResourcePack:Tails, FMLFileResourcePack:Tainted Magic, FMLFileResourcePack:TCBotaniaExoflame, FMLFileResourcePack:TC Inventory Scanning, FMLFileResourcePack:TC Node Tracker, FMLFileResourcePack:Tinkers' Construct, FMLFileResourcePack:Thaumcraft, FMLFileResourcePack:Thaumcraft NEI Plugin, FMLFileResourcePack:Thaumic Energistics, FMLFileResourcePack:Thaumic Horizons, FMLFileResourcePack:Thaumic Infusion, FMLFileResourcePack:Thermal Casting, FMLFileResourcePack:Thermal Dynamics, FMLFileResourcePack:Thermal Expansion, FMLFileResourcePack:Thermal Foundation, FMLFileResourcePack:Thermal Smeltery, FMLFileResourcePack:TiC Tooltips, FMLFileResourcePack:Tinker I/O, FMLFileResourcePack:TIS-3D, FMLFileResourcePack:Tinkers' Mechworks, FMLFileResourcePack:Translocator, FMLFileResourcePack:TrashSlot, FMLFileResourcePack:Traveller's Gear, FMLFileResourcePack:The Twilight Forest, FMLFileResourcePack:Waila, FMLFileResourcePack:Waila Harvestability, FMLFileResourcePack:WAILA Plugins, FMLFileResourcePack:Water Hooks, FMLFileResourcePack:Waterproof, FMLFileResourcePack:Witchery, FMLFileResourcePack:Witching Gadgets, FMLFileResourcePack:WorldEdit, FMLFileResourcePack:WR-CBE Core, FMLFileResourcePack:WR-CBE Addons, FMLFileResourcePack:WR-CBE Logic, FMLFileResourcePack:Zetta Industries, FMLFileResourcePack:Ztones, FMLFileResourcePack:Zyin's HUD, FMLFileResourcePack:bspkrsCore, FMLFileResourcePack:Baubles, FMLFileResourcePack:Forge Microblocks, FMLFileResourcePack:Forge Multipart, FMLFileResourcePack:Minecraft Multipart Plugin, FMLFileResourcePack:libsandstone, CustomThings-Resourcepack.zip, PortalGunSounds.pak, CustomResources, FMLFileResourcePack:Carpenter's Blocks Cached Resources, resources, XU_Delegate_Pack, XU_Delegate_Pack, XU_Delegate_Pack, CustomOverridingResources
[14:15:52] [Client thread/WARN]: ResourcePack: ignored non-lowercase namespace: alchemicalwizardryBooks in C:\Users\ljjmr\Desktop\New folder\Instances\Unabridged\mods\BloodMagic-1.7.10-1.3.3-17.jar
[14:15:52] [Client thread/WARN]: ResourcePack: ignored non-lowercase namespace: alchemicalwizardryBooks in C:\Users\ljjmr\Desktop\New folder\Instances\Unabridged\mods\BloodMagic-1.7.10-1.3.3-17.jar
[14:15:52] [Client thread/WARN]: ResourcePack: ignored non-lowercase namespace: alchemicalwizardryBooks in C:\Users\ljjmr\Desktop\New folder\Instances\Unabridged\mods\BloodMagic-1.7.10-1.3.3-17.jar
[14:15:52] [Client thread/WARN]: ResourcePack: ignored non-lowercase namespace: alchemicalwizardryBooks in C:\Users\ljjmr\Desktop\New folder\Instances\Unabridged\mods\BloodMagic-1.7.10-1.3.3-17.jar
[14:15:52] [Client thread/WARN]: ResourcePack: ignored non-lowercase namespace: alchemicalwizardryBooks in C:\Users\ljjmr\Desktop\New folder\Instances\Unabridged\mods\BloodMagic-1.7.10-1.3.3-17.jar
[14:15:52] [Client thread/WARN]: ResourcePack: ignored non-lowercase namespace: alchemicalwizardryBooks in C:\Users\ljjmr\Desktop\New folder\Instances\Unabridged\mods\BloodMagic-1.7.10-1.3.3-17.jar
[14:15:52] [Client thread/WARN]: ResourcePack: ignored non-lowercase namespace: OceanMonument.txt in C:\Users\ljjmr\Desktop\New folder\Instances\Unabridged\mods\Et Futurum-1.5.5.jar
[14:15:52] [Client thread/WARN]: ResourcePack: ignored non-lowercase namespace: HungerOverhaul in C:\Users\ljjmr\Desktop\New folder\Instances\Unabridged\mods\HungerOverhaul-1.7.10-1.0.0.jar
[14:15:52] [Client thread/WARN]: ResourcePack: ignored non-lowercase namespace: HungerOverhaul in C:\Users\ljjmr\Desktop\New folder\Instances\Unabridged\mods\HungerOverhaul-1.7.10-1.0.0.jar
[14:15:52] [Client thread/WARN]: ResourcePack: ignored non-lowercase namespace: HungerOverhaul in C:\Users\ljjmr\Desktop\New folder\Instances\Unabridged\mods\HungerOverhaul-1.7.10-1.0.0.jar
[14:15:52] [Client thread/WARN]: ResourcePack: ignored non-lowercase namespace: HungerOverhaul in C:\Users\ljjmr\Desktop\New folder\Instances\Unabridged\mods\HungerOverhaul-1.7.10-1.0.0.jar
[14:15:52] [Client thread/WARN]: ResourcePack: ignored non-lowercase namespace: HungerOverhaul in C:\Users\ljjmr\Desktop\New folder\Instances\Unabridged\mods\HungerOverhaul-1.7.10-1.0.0.jar
[14:15:52] [Client thread/WARN]: ResourcePack: ignored non-lowercase namespace: HungerOverhaul in C:\Users\ljjmr\Desktop\New folder\Instances\Unabridged\mods\HungerOverhaul-1.7.10-1.0.0.jar
[14:15:52] [Client thread/WARN]: ResourcePack: ignored non-lowercase namespace: HungerOverhaul in C:\Users\ljjmr\Desktop\New folder\Instances\Unabridged\mods\HungerOverhaul-1.7.10-1.0.0.jar
[14:15:52] [Client thread/WARN]: ResourcePack: ignored non-lowercase namespace: HungerOverhaul in C:\Users\ljjmr\Desktop\New folder\Instances\Unabridged\mods\HungerOverhaul-1.7.10-1.0.0.jar
[14:15:52] [Client thread/WARN]: ResourcePack: ignored non-lowercase namespace: HungerOverhaul in C:\Users\ljjmr\Desktop\New folder\Instances\Unabridged\mods\HungerOverhaul-1.7.10-1.0.0.jar
[14:15:52] [Client thread/WARN]: ResourcePack: ignored non-lowercase namespace: planetguyLib in C:\Users\ljjmr\Desktop\New folder\Instances\Unabridged\mods\PlanetguyLib-1.9.2.jar
[14:15:52] [Client thread/WARN]: ResourcePack: ignored non-lowercase namespace: planetguyLib in C:\Users\ljjmr\Desktop\New folder\Instances\Unabridged\mods\PlanetguyLib-1.9.2.jar
[14:15:52] [Client thread/WARN]: ResourcePack: ignored non-lowercase namespace: planetguyLib in C:\Users\ljjmr\Desktop\New folder\Instances\Unabridged\mods\PlanetguyLib-1.9.2.jar
[14:16:08] [Client thread/ERROR]: Using missing texture, unable to load minecraft:textures/blocks/MISSING_ICON_BLOCK_2468_VenusBlocks.png, java.io.FileNotFoundException
[14:16:08] [Client thread/ERROR]: Using missing texture, unable to load minecraft:textures/blocks/MISSING_ICON_BLOCK_587_blockSpellParadigm.png, java.io.FileNotFoundException
[14:16:09] [Client thread/ERROR]: Using missing texture, unable to load minecraft:textures/blocks/MISSING_ICON_BLOCK_2511_Barnarda2Planks_big_oak.png, java.io.FileNotFoundException
[14:16:09] [Client thread/ERROR]: Using missing texture, unable to load minecraft:textures/blocks/MISSING_ICON_BLOCK_3323_JAKJ_RedstoneInMotion_Spectre.png, java.io.FileNotFoundException
[14:16:09] [Client thread/ERROR]: Using missing texture, unable to load minecraft:textures/blocks/MISSING_ICON_BLOCK_3324_JAKJ_RedstoneInMotion_RailSpecter.png, java.io.FileNotFoundException
[14:16:10] [Client thread/ERROR]: Using missing texture, unable to load minecraft:textures/blocks/MISSING_ICON_BLOCK_3429_Sanguimancy.altarManipulator.png, java.io.FileNotFoundException
[14:16:10] [Client thread/ERROR]: Using missing texture, unable to load minecraft:textures/blocks/MISSING_ICON_BLOCK_595_alchemicCalcinator.png, java.io.FileNotFoundException
[14:16:10] [Client thread/ERROR]: Using missing texture, unable to load jakj_redstoneinmotion:textures/blocks/CarriagePredirected_Continuous_Active.png, java.io.FileNotFoundException
[14:16:10] [Client thread/ERROR]: Using missing texture, unable to load jakj_redstoneinmotion:textures/blocks/CarriageAdapter_Active.png, java.io.FileNotFoundException
[14:16:11] [Client thread/ERROR]: Using missing texture, unable to load minecraft:textures/blocks/MISSING_ICON_BLOCK_2481_IOBlocks.png, java.io.FileNotFoundException
[14:16:11] [Client thread/ERROR]: Using missing texture, unable to load minecraft:textures/blocks/MISSING_ICON_BLOCK_2486_EuropaBlocks.png, java.io.FileNotFoundException
[14:16:11] [Client thread/ERROR]: Using missing texture, unable to load jakj_redstoneinmotion:textures/blocks/CarriagePredirected_Active.png, java.io.FileNotFoundException
[14:16:13] [Client thread/ERROR]: Using missing texture, unable to load minecraft:textures/blocks/MISSING_ICON_BLOCK_2778_hardWallTierFour.png, java.io.FileNotFoundException
[14:16:13] [Client thread/ERROR]: Using missing texture, unable to load minecraft:textures/blocks/MISSING_ICON_BLOCK_593_schematicSaver.png, java.io.FileNotFoundException
[14:16:13] [Client thread/ERROR]: Using missing texture, unable to load minecraft:textures/blocks/MISSING_ICON_BLOCK_2125_null.png, java.io.FileNotFoundException
[14:16:14] [Client thread/ERROR]: Using missing texture, unable to load minecraft:textures/blocks/MISSING_ICON_BLOCK_2464_MetalsBlocks.png, java.io.FileNotFoundException
[14:16:14] [Client thread/ERROR]: Using missing texture, unable to load jakj_redstoneinmotion:textures/blocks/CarriageTransduplicator_Active.png, java.io.FileNotFoundException
[14:16:14] [Client thread/ERROR]: Using missing texture, unable to load minecraft:textures/blocks/MISSING_ICON_BLOCK_2768_expanderPowerTierFour.png, java.io.FileNotFoundException
[14:16:14] [Client thread/ERROR]: Using missing texture, unable to load minecraft:textures/blocks/MISSING_ICON_BLOCK_2467_MercuryBlocks.png, java.io.FileNotFoundException
[14:16:15] [Client thread/ERROR]: Using missing texture, unable to load sanguimancy:textures/blocks/CrystallizedCorruption.png, java.io.FileNotFoundException
[14:16:16] [Client thread/ERROR]: Using missing texture, unable to load minecraft:textures/blocks/MISSING_ICON_BLOCK_2479_PhobosRock.png, java.io.FileNotFoundException
[14:16:16] [Client thread/ERROR]: Using missing texture, unable to load minecraft:textures/blocks/MISSING_ICON_BLOCK_2775_hardWallTierOne.png, java.io.FileNotFoundException
[14:16:16] [Client thread/ERROR]: Using missing texture, unable to load jakj_redstoneinmotion:textures/blocks/CarriageAdapter_Continuous.png, java.io.FileNotFoundException
[14:16:16] [Client thread/ERROR]: Using missing texture, unable to load minecraft:textures/blocks/MISSING_ICON_BLOCK_2489_GanymedeBlocks.png, java.io.FileNotFoundException
[14:16:17] [Client thread/ERROR]: Using missing texture, unable to load jakj_redstoneinmotion:textures/blocks/CarriageRotator_Active.png, java.io.FileNotFoundException
[14:16:18] [Client thread/ERROR]: Using missing texture, unable to load minecraft:textures/blocks/MISSING_ICON_BLOCK_2474_PlutoBlocks.png, java.io.FileNotFoundException
[14:16:18] [Client thread/ERROR]: Using missing texture, unable to load minecraft:textures/blocks/MISSING_ICON_BLOCK_2511_Barnarda2Planks_jungle.png, java.io.FileNotFoundException
[14:16:18] [Client thread/ERROR]: Using missing texture, unable to load minecraft:textures/blocks/TConIntegration.bedrock.png, java.io.FileNotFoundException
[14:16:18] [Client thread/ERROR]: Using missing texture, unable to load minecraft:textures/blocks/MISSING_ICON_BLOCK_2507_Barnarda2Dandelions.png, java.io.FileNotFoundException
[14:16:20] [Client thread/ERROR]: Unable to parse metadata from sanguimancy:textures/blocks/AltarDiviner.png
java.lang.RuntimeException: broken aspect ratio and not an animation
	at net.minecraft.client.renderer.texture.TextureAtlasSprite.func_147964_a(TextureAtlasSprite.java:273) ~[bqd.class:?]
	at net.minecraft.client.renderer.texture.TextureMap.func_110571_b(TextureMap.java:242) [bpz.class:?]
	at net.minecraft.client.renderer.texture.TextureMap.func_110551_a(TextureMap.java:136) [bpz.class:?]
	at net.minecraft.client.renderer.texture.TextureManager.func_110579_a(TextureManager.java:94) [bqf.class:?]
	at net.minecraft.client.renderer.texture.TextureManager.func_110549_a(TextureManager.java:200) [bqf.class:?]
	at net.minecraft.client.resources.SimpleReloadableResourceManager.func_110544_b(SimpleReloadableResourceManager.java:143) [brg.class:?]
	at net.minecraft.client.resources.SimpleReloadableResourceManager.func_110541_a(SimpleReloadableResourceManager.java:121) [brg.class:?]
	at net.minecraft.client.Minecraft.func_110436_a(Minecraft.java:609) [bao.class:?]
	at cpw.mods.fml.client.FMLClientHandler.finishMinecraftLoading(FMLClientHandler.java:327) [FMLClientHandler.class:?]
	at net.minecraft.client.Minecraft.func_71384_a(Minecraft.java:552) [bao.class:?]
	at net.minecraft.client.Minecraft.func_99999_d(Minecraft.java:878) [bao.class:?]
	at net.minecraft.client.main.Main.main(SourceFile:148) [Main.class:?]
	at sun.reflect.NativeMethodAccessorImpl.invoke0(Native Method) ~[?:1.8.0_131]
	at sun.reflect.NativeMethodAccessorImpl.invoke(Unknown Source) ~[?:1.8.0_131]
	at sun.reflect.DelegatingMethodAccessorImpl.invoke(Unknown Source) ~[?:1.8.0_131]
	at java.lang.reflect.Method.invoke(Unknown Source) ~[?:1.8.0_131]
	at net.minecraft.launchwrapper.Launch.launch(Launch.java:135) [launchwrapper-1.12.jar:?]
	at net.minecraft.launchwrapper.Launch.main(Launch.java:28) [launchwrapper-1.12.jar:?]
[14:16:20] [Client thread/ERROR]: Using missing texture, unable to load minecraft:textures/blocks/MISSING_ICON_BLOCK_2765_expanderPowerTierOne.png, java.io.FileNotFoundException
[14:16:21] [Client thread/ERROR]: Using missing texture, unable to load jakj_redstoneinmotion:textures/blocks/CarriageTransduplicator_Continuous_Active.png, java.io.FileNotFoundException
[14:16:22] [Client thread/ERROR]: Using missing texture, unable to load jakj_redstoneinmotion:textures/blocks/CarriagePredirected.png, java.io.FileNotFoundException
[14:16:23] [Client thread/ERROR]: Using missing texture, unable to load minecraft:textures/blocks/MISSING_ICON_BLOCK_2497_ProteusGrunt.png, java.io.FileNotFoundException
[14:16:23] [Client thread/ERROR]: Using missing texture, unable to load openmodularturrets:textures/blocks/expanderInvTierOne.png, java.io.FileNotFoundException
[14:16:23] [Client thread/ERROR]: Using missing texture, unable to load minecraft:textures/blocks/planks.png, java.io.FileNotFoundException
[14:16:24] [Client thread/ERROR]: Using missing texture, unable to load jakj_redstoneinmotion:textures/blocks/CarriageRotator_Continuous_Active.png, java.io.FileNotFoundException
[14:16:24] [Client thread/ERROR]: Using missing texture, unable to load minecraft:textures/blocks/MISSING_ICON_BLOCK_2771_expanderInvTierTwo.png, java.io.FileNotFoundException
[14:16:25] [Client thread/ERROR]: Using missing texture, unable to load immersiveengineering:textures/blocks/metal2_skycrateDispenser.png, java.io.FileNotFoundException
[14:16:25] [Client thread/ERROR]: Using missing texture, unable to load jakj_redstoneinmotion:textures/blocks/CarriageRotator.png, java.io.FileNotFoundException
[14:16:26] [Client thread/ERROR]: Using missing texture, unable to load minecraft:textures/blocks/MISSING_ICON_BLOCK_2496_OberonBlocks.png, java.io.FileNotFoundException
[14:16:26] [Client thread/ERROR]: Using missing texture, unable to load minecraft:textures/blocks/MISSING_ICON_BLOCK_588_blockSpellEnhancement.png, java.io.FileNotFoundException
[14:16:26] [Client thread/ERROR]: Using missing texture, unable to load minecraft:textures/blocks/MISSING_ICON_BLOCK_2769_expanderPowerTierFive.png, java.io.FileNotFoundException
[14:16:27] [Client thread/ERROR]: Using missing texture, unable to load minecraft:textures/blocks/MISSING_ICON_BLOCK_2511_Barnarda2Planks_spruce.png, java.io.FileNotFoundException
[14:16:27] [Client thread/ERROR]: Using missing texture, unable to load chisel:textures/blocks/endstone/EnderFrame.png, java.io.FileNotFoundException
[14:16:28] [Client thread/ERROR]: Using missing texture, unable to load minecraft:textures/blocks/MISSING_ICON_BLOCK_2511_Barnarda2Planks_oak.png, java.io.FileNotFoundException
[14:16:28] [Client thread/ERROR]: Using missing texture, unable to load minecraft:textures/blocks/MISSING_ICON_BLOCK_3414_Sanguimancy.bloodStoneSlab.png, java.io.FileNotFoundException
[14:16:29] [Client thread/ERROR]: Using missing texture, unable to load minecraft:textures/blocks/MISSING_ICON_BLOCK_2511_Barnarda2Planks_birch.png, java.io.FileNotFoundException
[14:16:29] [Client thread/ERROR]: Using missing texture, unable to load minecraft:textures/blocks/MISSING_ICON_BLOCK_2644_integratedcircuits.pcbprinter.png, java.io.FileNotFoundException
[14:16:29] [Client thread/ERROR]: Using missing texture, unable to load jakj_redstoneinmotion:textures/blocks/CarriageAdapter_Continuous_Active.png, java.io.FileNotFoundException
[14:16:31] [Client thread/ERROR]: Using missing texture, unable to load minecraft:textures/blocks/MISSING_ICON_BLOCK_2767_expanderPowerTierThree.png, java.io.FileNotFoundException
[14:16:31] [Client thread/ERROR]: Using missing texture, unable to load minecraft:textures/blocks/MISSING_ICON_BLOCK_589_blockSpellModifier.png, java.io.FileNotFoundException
[14:16:32] [Client thread/ERROR]: Using missing texture, unable to load minecraft:textures/blocks/MISSING_ICON_BLOCK_2766_expanderPowerTierTwo.png, java.io.FileNotFoundException
[14:16:32] [Client thread/ERROR]: Using missing texture, unable to load minecraft:textures/blocks/MISSING_ICON_BLOCK_2773_expanderInvTierFour.png, java.io.FileNotFoundException
[14:16:32] [Client thread/ERROR]: Using missing texture, unable to load minecraft:textures/blocks/MISSING_ICON_BLOCK_3415_Sanguimancy.largeBloodStoneSlab.png, java.io.FileNotFoundException
[14:16:32] [Client thread/ERROR]: Using missing texture, unable to load minecraft:textures/blocks/MISSING_ICON_BLOCK_2777_hardWallTierThree.png, java.io.FileNotFoundException
[14:16:33] [Client thread/ERROR]: Using missing texture, unable to load minecraft:textures/blocks/MISSING_ICON_BLOCK_590_blockSpellEffect.png, java.io.FileNotFoundException
[14:16:33] [Client thread/ERROR]: Using missing texture, unable to load minecraft:textures/blocks/MISSING_ICON_BLOCK_2776_hardWallTierTwo.png, java.io.FileNotFoundException
[14:16:35] [Client thread/ERROR]: Using missing texture, unable to load minecraft:textures/blocks/MISSING_ICON_BLOCK_2478_MakemakeBlocks.png, java.io.FileNotFoundException
[14:16:35] [Client thread/ERROR]: Using missing texture, unable to load minecraft:textures/blocks/MISSING_ICON_BLOCK_2480_DeimosBlocks.png, java.io.FileNotFoundException
[14:16:36] [Client thread/ERROR]: Using missing texture, unable to load minecraft:textures/blocks/MISSING_ICON_BLOCK_596_crystalBelljar.png, java.io.FileNotFoundException
[14:16:36] [Client thread/ERROR]: Using missing texture, unable to load jakj_redstoneinmotion:textures/blocks/CarriagePredirected_Continuous.png, java.io.FileNotFoundException
[14:16:37] [Client thread/ERROR]: Using missing texture, unable to load minecraft:textures/blocks/MISSING_ICON_BLOCK_2772_expanderInvTierThree.png, java.io.FileNotFoundException
[14:16:38] [Client thread/ERROR]: Using missing texture, unable to load minecraft:textures/blocks/MISSING_ICON_BLOCK_2477_HaumeaBlocks.png, java.io.FileNotFoundException
[14:16:38] [Client thread/ERROR]: Using missing texture, unable to load minecraft:textures/blocks/MISSING_ICON_BLOCK_3390_proxyBlock.png, java.io.FileNotFoundException
[14:16:38] [Client thread/ERROR]: Using missing texture, unable to load minecraft:textures/blocks/MISSING_ICON_BLOCK_2221_extracells.block.walrus.png, java.io.FileNotFoundException
[14:16:38] [Client thread/ERROR]: Using missing texture, unable to load jakj_redstoneinmotion:textures/blocks/CarriageRotator_Continuous.png, java.io.FileNotFoundException
[14:16:39] [Client thread/ERROR]: Using missing texture, unable to load minecraft:textures/blocks/MISSING_ICON_BLOCK_2770_expanderInvTierOne.png, java.io.FileNotFoundException
[14:16:43] [Client thread/ERROR]: Using missing texture, unable to load minecraft:textures/blocks/MISSING_ICON_BLOCK_2774_expanderInvTierFive.png, java.io.FileNotFoundException
[14:16:45] [Client thread/ERROR]: Using missing texture, unable to load sanguimancy:textures/blocks/SNBoundItem.png, java.io.FileNotFoundException
[14:16:45] [Client thread/ERROR]: Using missing texture, unable to load minecraft:textures/blocks/MISSING_ICON_BLOCK_2500_TritonBlocks.png, java.io.FileNotFoundException
[14:16:46] [Client thread/ERROR]: Using missing texture, unable to load minecraft:textures/blocks/MISSING_ICON_BLOCK_2491_EnceladusBlocks.png, java.io.FileNotFoundException
[14:16:46] [Client thread/ERROR]: Using missing texture, unable to load minecraft:textures/blocks/MISSING_ICON_BLOCK_2511_Barnarda2Planks_acacia.png, java.io.FileNotFoundException
[14:16:48] [Client thread/ERROR]: Using missing texture, unable to load minecraft:textures/blocks/MISSING_ICON_BLOCK_2470_CeresBlocks.png, java.io.FileNotFoundException
[14:16:48] [Client thread/ERROR]: Using missing texture, unable to load minecraft:textures/blocks/MISSING_ICON_BLOCK_2490_CallistoGrunt.png, java.io.FileNotFoundException
[14:16:49] [Client thread/ERROR]: Using missing texture, unable to load minecraft:textures/blocks/GardenStuffhoop.png, java.io.FileNotFoundException
[14:16:49] [Client thread/ERROR]: Using missing texture, unable to load botania:textures/blocks/alt/clayconiaChibi.png, java.io.FileNotFoundException
[14:16:49] [Client thread/ERROR]: Using missing texture, unable to load jakj_redstoneinmotion:textures/blocks/CarriageTransduplicator_Continuous.png, java.io.FileNotFoundException
[14:16:51] [Client thread/ERROR]: Using missing texture, unable to load minecraft:textures/blocks/MISSING_ICON_BLOCK_2495_TitanBlocks.png, java.io.FileNotFoundException
[14:16:51] [Client thread/ERROR]: Using missing texture, unable to load minecraft:textures/blocks/MISSING_ICON_BLOCK_2779_hardWallTierFive.png, java.io.FileNotFoundException
[14:16:52] [Client thread/ERROR]: Using missing texture, unable to load minecraft:textures/blocks/MISSING_ICON_BLOCK_599_blockMimic.png, java.io.FileNotFoundException
[14:16:55] [Client thread/INFO]: Created: 8192x4096 textures/blocks-atlas
[14:16:59] [Client thread/ERROR]: Using missing texture, unable to load pneumaticcraft:textures/items/cannonBarrel.png, java.io.FileNotFoundException
[14:17:01] [Client thread/ERROR]: Using missing texture, unable to load minecraft:textures/items/MISSING_ICON_ITEM_6019_extracells.pattern.crafting.png, java.io.FileNotFoundException
[14:17:01] [Client thread/ERROR]: Using missing texture, unable to load microblock:textures/items/sawManyullyn.png, java.io.FileNotFoundException
[14:17:01] [Client thread/ERROR]: Using missing texture, unable to load minecraft:textures/items/MISSING_ICON_BLOCK_1557_gaiaHeadBlock_skeleton.png, java.io.FileNotFoundException
[14:17:01] [Client thread/ERROR]: Using missing texture, unable to load galaxyspace:textures/items/T7KeyChest.png, java.io.FileNotFoundException
[14:17:04] [Client thread/ERROR]: Using missing texture, unable to load minecraft:textures/items/MISSING_ICON_ITEM_7936_relocator.png, java.io.FileNotFoundException
[14:17:06] [Client thread/ERROR]: Using missing texture, unable to load galaxyspace:textures/items/T6KeyChest.png, java.io.FileNotFoundException
[14:17:08] [Client thread/ERROR]: Using missing texture, unable to load draconicevolution:textures/items/chaosFragment.png, java.io.FileNotFoundException
[14:17:09] [Client thread/ERROR]: Using missing texture, unable to load customthings:textures/items/fuelCokeCactus.png, java.io.FileNotFoundException
[14:17:09] [Client thread/ERROR]: Using missing texture, unable to load galaxyspace:textures/items/T4KeyChest.png, java.io.FileNotFoundException
[14:17:09] [Client thread/ERROR]: Using missing texture, unable to load minecraft:textures/items/MISSING_ICON_ITEM_7940_itemAspect.png, java.io.FileNotFoundException
[14:17:10] [Client thread/ERROR]: Using missing texture, unable to load minecraft:textures/items/MISSING_ICON_ITEM_5743_logisticFrameRequester.png, java.io.FileNotFoundException
[14:17:11] [Client thread/ERROR]: Using missing texture, unable to load minecraft:textures/items/MISSING_ICON_ITEM_5916_null.png, java.io.FileNotFoundException
[14:17:11] [Client thread/ERROR]: Using missing texture, unable to load alchemicalwizardry:textures/items/SigilOfTheFastMiner.png, java.io.FileNotFoundException
[14:17:11] [Client thread/ERROR]: Using missing texture, unable to load minecraft:textures/items/MISSING_ICON_ITEM_5747_logisticFrameActiveProvider.png, java.io.FileNotFoundException
[14:17:12] [Client thread/ERROR]: Using missing texture, unable to load minecraft:textures/items/MISSING_ICON_ITEM_7037_hollowCarriage.png, java.io.FileNotFoundException
[14:17:12] [Client thread/ERROR]: Using missing texture, unable to load minecraft:textures/items/MISSING_ICON_ITEM_5760_heatFrame.png, java.io.FileNotFoundException
[14:17:13] [Client thread/ERROR]: Using missing texture, unable to load missing_icon_item_6046_extrautils:textures/items/microblocks.png, java.io.FileNotFoundException
[14:17:13] [Client thread/ERROR]: Using missing texture, unable to load minecraft:textures/items/MISSING_ICON_ITEM_5919_null.png, java.io.FileNotFoundException
[14:17:13] [Client thread/ERROR]: Using missing texture, unable to load logisticspipes:textures/items/itemUpgrade/UpgradeModule.png, java.io.FileNotFoundException
[14:17:13] [Client thread/ERROR]: Using missing texture, unable to load microblock:textures/items/sawArdite.png, java.io.FileNotFoundException
[14:17:14] [Client thread/ERROR]: Using missing texture, unable to load galaxyspace:textures/items/T5KeyChest.png, java.io.FileNotFoundException
[14:17:16] [Client thread/ERROR]: Using missing texture, unable to load minecraft:textures/items/MISSING_ICON_ITEM_5924_decowand.png, java.io.FileNotFoundException
[14:17:18] [Client thread/ERROR]: Using missing texture, unable to load customthings:textures/items/charcoalCactus.png, java.io.FileNotFoundException
[14:17:19] [Client thread/ERROR]: Using missing texture, unable to load buildcraft:textures/items/board_green.png, java.io.FileNotFoundException
[14:17:20] [Client thread/ERROR]: Using missing texture, unable to load missing_icon_item_6029_extrautils:textures/items/lawSword.png, java.io.FileNotFoundException
[14:17:20] [Client thread/ERROR]: Using missing texture, unable to load galaxyspace:textures/items/T8KeyChest.png, java.io.FileNotFoundException
[14:17:21] [Client thread/ERROR]: Using missing texture, unable to load logisticspipes:textures/items/ItemPipeSignCreator.png, java.io.FileNotFoundException
[14:17:21] [Client thread/ERROR]: Using missing texture, unable to load minecraft:textures/items/MISSING_ICON_ITEM_5745_logisticFrameStorage.png, java.io.FileNotFoundException
[14:17:23] [Client thread/ERROR]: Using missing texture, unable to load microblock:textures/items/sawCobalt.png, java.io.FileNotFoundException
[14:17:23] [Client thread/ERROR]: Using missing texture, unable to load minecraft:textures/items/MISSING_ICON_ITEM_6016_extracells.fluid.item.png, java.io.FileNotFoundException
[14:17:24] [Client thread/ERROR]: Using missing texture, unable to load minecraft:textures/items/MISSING_ICON_ITEM_7205_ThaumicDisassembler.png, java.io.FileNotFoundException
[14:17:26] [Client thread/ERROR]: Using missing texture, unable to load minecraft:textures/items/MISSING_ICON_ITEM_5746_logisticFramePassiveProvider.png, java.io.FileNotFoundException
[14:17:29] [Client thread/ERROR]: Using missing texture, unable to load minecraft:textures/items/MISSING_ICON_ITEM_5921_null.png, java.io.FileNotFoundException
[14:17:32] [Client thread/ERROR]: Using missing texture, unable to load minecraft:textures/items/MISSING_ICON_ITEM_5918_null.png, java.io.FileNotFoundException
[14:17:34] [Client thread/ERROR]: Using missing texture, unable to load minecraft:textures/items/MISSING_ICON_ITEM_5744_logisticFrameDefaultStorage.png, java.io.FileNotFoundException
[14:17:34] [Client thread/ERROR]: Using missing texture, unable to load logisticspipes:textures/items/itemUpgrade/LogicController.png, java.io.FileNotFoundException
[14:17:37] [Client thread/INFO]: Created: 4096x2048 textures/items-atlas
[14:17:37] [Client thread/ERROR]: Using missing texture, unable to load minecraft:textures/revolvers/door_iron_upper.png, java.io.FileNotFoundException
[14:17:37] [Client thread/ERROR]: Using missing texture, unable to load minecraft:textures/revolvers/door_wood_upper.png, java.io.FileNotFoundException
[14:17:37] [Client thread/ERROR]: Using missing texture, unable to load immersiveengineering:textures/revolvers/revolver_tesla.png, java.io.FileNotFoundException
[14:17:37] [Client thread/ERROR]: Using missing texture, unable to load immersiveengineering:textures/revolvers/revolver_rose.png, java.io.FileNotFoundException
[14:17:37] [Client thread/ERROR]: Using missing texture, unable to load minecraft:textures/revolvers/door_wood_lower.png, java.io.FileNotFoundException
[14:17:37] [Client thread/ERROR]: Using missing texture, unable to load minecraft:textures/revolvers/door_iron_lower.png, java.io.FileNotFoundException
[14:17:37] [Client thread/ERROR]: Using missing texture, unable to load minecraft:textures/revolvers/trapdoor.png, java.io.FileNotFoundException
[14:17:37] [Client thread/INFO]: Created: 1024x1024 textures/revolvers-atlas
[14:17:39] [Sound Library Loader/INFO]: Sound engine started
